\BOOKMARK [1][-]{section.1}{\376\377\000S\000u\000m\000m\000a\000r\000y\000\040\000o\000f\000\040\000Q\000u\000a\000l\000i\000f\000i\000c\000a\000t\000i\000o\000n\000s}{}% 1
\BOOKMARK [1][-]{section.2}{\376\377\000E\000d\000u\000c\000a\000t\000i\000o\000n}{}% 2
\BOOKMARK [2][-]{subsection.2.1}{\376\377\000M\000a\000s\000t\000e\000r\000\040\000o\000f\000\040\000E\000n\000g\000i\000n\000e\000e\000r\000i\000n\000g\000,\000\040\000M\000e\000c\000h\000a\000n\000i\000c\000a\000l\000\040\000E\000n\000g\000i\000n\000e\000e\000r\000i\000n\000g\000\040\000\050\000R\000o\000b\000o\000t\000i\000c\000s\000\051}{section.2}% 3
\BOOKMARK [3][-]{subsubsection.2.1.1}{\376\377\000A\000c\000a\000d\000e\000m\000i\000c\000\040\000P\000r\000o\000j\000e\000c\000t\000s}{subsection.2.1}% 4
\BOOKMARK [3][-]{subsubsection.2.1.2}{\376\377\000R\000e\000l\000e\000v\000a\000n\000t\000\040\000C\000o\000u\000r\000s\000e\000s}{subsection.2.1}% 5
\BOOKMARK [3][-]{subsubsection.2.1.3}{\376\377\000O\000v\000e\000r\000a\000l\000l\000\040\000G\000P\000A}{subsection.2.1}% 6
\BOOKMARK [2][-]{subsection.2.2}{\376\377\000B\000a\000c\000h\000e\000l\000o\000r\000\040\000o\000f\000\040\000S\000c\000i\000e\000n\000c\000e\000,\000\040\000M\000e\000c\000h\000a\000n\000i\000c\000a\000l\000\040\000E\000n\000g\000i\000n\000e\000e\000r\000i\000n\000g\000\040\000\050\000R\000o\000b\000o\000t\000i\000c\000s\000\051}{section.2}% 7
\BOOKMARK [3][-]{subsubsection.2.2.1}{\376\377\000B\000a\000c\000h\000e\000l\000o\000r\000'\000s\000\040\000T\000h\000e\000s\000i\000s}{subsection.2.2}% 8
\BOOKMARK [3][-]{subsubsection.2.2.2}{\376\377\000R\000e\000l\000e\000v\000a\000n\000t\000\040\000C\000o\000u\000r\000s\000e\000s}{subsection.2.2}% 9
\BOOKMARK [3][-]{subsubsection.2.2.3}{\376\377\000O\000v\000e\000r\000a\000l\000l\000\040\000G\000P\000A}{subsection.2.2}% 10
\BOOKMARK [1][-]{section.3}{\376\377\000S\000k\000i\000l\000l\000s}{}% 11
\BOOKMARK [2][-]{subsection.3.1}{\376\377\000T\000e\000c\000h\000n\000i\000c\000a\000l\000\040\000S\000k\000i\000l\000l\000s}{section.3}% 12
\BOOKMARK [3][-]{subsubsection.3.1.1}{\376\377\000R\000o\000b\000o\000t\000i\000c\000s}{subsection.3.1}% 13
\BOOKMARK [3][-]{subsubsection.3.1.2}{\376\377\000D\000i\000g\000i\000t\000a\000l\000\040\000S\000i\000g\000n\000a\000l\000\040\000P\000r\000o\000c\000e\000s\000s\000i\000n\000g}{subsection.3.1}% 14
\BOOKMARK [3][-]{subsubsection.3.1.3}{\376\377\000C\000o\000n\000t\000r\000o\000l\000\040\000S\000y\000s\000t\000e\000m\000s}{subsection.3.1}% 15
\BOOKMARK [3][-]{subsubsection.3.1.4}{\376\377\000M\000a\000c\000h\000i\000n\000e\000\040\000L\000e\000a\000r\000n\000i\000n\000g}{subsection.3.1}% 16
\BOOKMARK [3][-]{subsubsection.3.1.5}{\376\377\000C\000o\000m\000p\000u\000t\000e\000r\000\040\000V\000i\000s\000i\000o\000n}{subsection.3.1}% 17
\BOOKMARK [3][-]{subsubsection.3.1.6}{\376\377\000E\000m\000b\000e\000d\000d\000e\000d\000\040\000S\000y\000s\000t\000e\000m\000s}{subsection.3.1}% 18
\BOOKMARK [2][-]{subsection.3.2}{\376\377\000S\000o\000f\000t\000w\000a\000r\000e\000\040\000S\000k\000i\000l\000l\000s}{section.3}% 19
\BOOKMARK [3][-]{subsubsection.3.2.1}{\376\377\000R\000o\000b\000o\000t\000i\000c\000s}{subsection.3.2}% 20
\BOOKMARK [3][-]{subsubsection.3.2.2}{\376\377\000M\000a\000c\000h\000i\000n\000e\000\040\000L\000e\000a\000r\000n\000i\000n\000g}{subsection.3.2}% 21
\BOOKMARK [3][-]{subsubsection.3.2.3}{\376\377\000C\000o\000m\000p\000u\000t\000e\000r\000\040\000V\000i\000s\000i\000o\000n}{subsection.3.2}% 22
\BOOKMARK [3][-]{subsubsection.3.2.4}{\376\377\000O\000p\000e\000r\000a\000t\000i\000n\000g\000\040\000S\000y\000s\000t\000e\000m\000s}{subsection.3.2}% 23
\BOOKMARK [2][-]{subsection.3.3}{\376\377\000P\000r\000o\000g\000r\000a\000m\000m\000i\000n\000g\000\040\000a\000n\000d\000\040\000M\000a\000r\000k\000u\000p\000\040\000L\000a\000n\000g\000u\000a\000g\000e\000s}{section.3}% 24
\BOOKMARK [3][-]{subsubsection.3.3.1}{\376\377\000P\000r\000o\000g\000r\000a\000m\000m\000i\000n\000g}{subsection.3.3}% 25
\BOOKMARK [3][-]{subsubsection.3.3.2}{\376\377\000M\000a\000r\000k\000u\000p}{subsection.3.3}% 26
\BOOKMARK [2][-]{subsection.3.4}{\376\377\000S\000o\000f\000t\000\040\000S\000k\000i\000l\000l\000s}{section.3}% 27
\BOOKMARK [3][-]{subsubsection.3.4.1}{\376\377\000Q\000u\000i\000c\000k\000\040\000L\000e\000a\000r\000n\000e\000r}{subsection.3.4}% 28
\BOOKMARK [3][-]{subsubsection.3.4.2}{\376\377\000T\000e\000a\000m\000w\000o\000r\000k}{subsection.3.4}% 29
\BOOKMARK [1][-]{section.4}{\376\377\000R\000e\000s\000e\000a\000r\000c\000h\000\040\000I\000n\000t\000e\000r\000e\000s\000t\000s}{}% 30
\BOOKMARK [1][-]{section.5}{\376\377\000R\000e\000l\000e\000v\000a\000n\000t\000\040\000W\000o\000r\000k\000\040\000E\000x\000p\000e\000r\000i\000e\000n\000c\000e}{}% 31
\BOOKMARK [2][-]{subsection.5.1}{\376\377\000T\000e\000a\000c\000h\000e\000r\000\040\000A\000s\000s\000i\000s\000t\000a\000n\000t\000\040\000i\000n\000\040\000R\000o\000b\000o\000t\000i\000c\000s}{section.5}% 32
\BOOKMARK [2][-]{subsection.5.2}{\376\377\000R\000o\000b\000o\000t\000i\000c\000s\000\040\000R\000e\000s\000e\000a\000r\000c\000h\000e\000r}{section.5}% 33
\BOOKMARK [2][-]{subsection.5.3}{\376\377\000C\000o\000m\000p\000u\000t\000e\000r\000\040\000V\000i\000s\000i\000o\000n\000\040\000E\000n\000g\000i\000n\000e\000e\000r}{section.5}% 34
\BOOKMARK [1][-]{section.6}{\376\377\000A\000c\000a\000d\000e\000m\000i\000c\000\040\000P\000r\000o\000j\000e\000c\000t\000s}{}% 35
\BOOKMARK [2][-]{subsection.6.1}{\376\377\000A\000r\000t\000i\000f\000i\000c\000i\000a\000l\000\040\000I\000n\000t\000e\000l\000l\000i\000g\000e\000n\000c\000e}{section.6}% 36
\BOOKMARK [2][-]{subsection.6.2}{\376\377\000I\000m\000a\000g\000e\000\040\000P\000r\000o\000c\000e\000s\000s\000i\000n\000g\000\040\000a\000n\000d\000\040\000C\000o\000m\000p\000u\000t\000e\000r\000\040\000V\000i\000s\000i\000o\000n}{section.6}% 37
\BOOKMARK [2][-]{subsection.6.3}{\376\377\000R\000o\000b\000o\000t\000i\000c\000s}{section.6}% 38
\BOOKMARK [2][-]{subsection.6.4}{\376\377\000D\000i\000g\000i\000t\000a\000l\000\040\000S\000i\000g\000n\000a\000l\000\040\000P\000r\000o\000c\000e\000s\000s\000i\000n\000g}{section.6}% 39
\BOOKMARK [2][-]{subsection.6.5}{\376\377\000S\000y\000s\000t\000e\000m\000s\000\040\000a\000n\000d\000\040\000C\000o\000n\000t\000r\000o\000l\000s}{section.6}% 40
\BOOKMARK [1][-]{section.7}{\376\377\000L\000a\000n\000g\000u\000a\000g\000e\000s}{}% 41
\BOOKMARK [2][-]{subsection.7.1}{\376\377\000P\000e\000r\000s\000i\000a\000n}{section.7}% 42
\BOOKMARK [2][-]{subsection.7.2}{\376\377\000E\000n\000g\000l\000i\000s\000h}{section.7}% 43
\BOOKMARK [3][-]{subsubsection.7.2.1}{\376\377\000I\000E\000L\000T\000S\000\040\000A\000c\000a\000d\000e\000m\000i\000c}{subsection.7.2}% 44
\BOOKMARK [1][-]{section.8}{\376\377\000R\000e\000f\000e\000r\000e\000n\000c\000e\000s}{}% 45
\BOOKMARK [2][-]{subsection.8.1}{\376\377\000D\000r\000.\000\040\000H\000o\000s\000s\000e\000i\000n\000\040\000K\000a\000r\000i\000m\000p\000o\000u\000r}{section.8}% 46
\BOOKMARK [3][-]{subsubsection.8.1.1}{\376\377\000T\000e\000l}{subsection.8.1}% 47
\BOOKMARK [2][-]{subsection.8.2}{\376\377\000D\000r\000.\000\040\000A\000m\000i\000r\000h\000o\000s\000s\000e\000i\000n\000\040\000M\000o\000n\000j\000a\000z\000e\000b}{section.8}% 48
\BOOKMARK [3][-]{subsubsection.8.2.1}{\376\377\000T\000e\000l}{subsection.8.2}% 49
